\BOOKMARK [1][-]{section.1}{\376\377\000Q\000t\220\350\116\366}{}% 1
\BOOKMARK [2][-]{subsection.1.1}{\376\377\000c\000o\000n\000n\000e\000c\000t}{section.1}% 2
\BOOKMARK [2][-]{subsection.1.2}{\376\377\000I\000t\000e\000m\000F\000l\000a\000g\000s}{section.1}% 3
\BOOKMARK [2][-]{subsection.1.3}{\376\377\000Q\000S\000t\000r\000i\000n\000g}{section.1}% 4
\BOOKMARK [2][-]{subsection.1.4}{\376\377\000t\000a\000b\000l\000e\000V\000i\000e\000w}{section.1}% 5
\BOOKMARK [2][-]{subsection.1.5}{\376\377\000Q\000F\000i\000l\000e}{section.1}% 6
\BOOKMARK [2][-]{subsection.1.6}{\376\377\000Q\000F\000i\000l\000e\000D\000i\000a\000l\000o\000g}{section.1}% 7
\BOOKMARK [2][-]{subsection.1.7}{\376\377\000Q\000D\000i\000r}{section.1}% 8
\BOOKMARK [1][-]{section.2}{\376\377\000Q\000t\0005\000\040\136\003\134\100\173\241\164\006}{}% 9
\BOOKMARK [2][-]{subsection.2.1}{\376\377\130\006\150\010\172\227\117\123}{section.2}% 10
\BOOKMARK [2][-]{subsection.2.2}{\376\377\127\372\147\054\136\003\134\100\000\050\116\206\211\343\123\163\123\357\000\051}{section.2}% 11
\BOOKMARK [1][-]{section.3}{\376\377\152\041\127\213}{}% 12
\BOOKMARK [2][-]{subsection.3.1}{\376\377\150\007\121\306\127\372\147\054\133\371\213\335\150\106}{section.3}% 13
\BOOKMARK [1][-]{section.4}{\376\377\000T\000a\000b\000l\000e\000V\000i\000e\000w}{}% 14
\BOOKMARK [2][-]{subsection.4.1}{\376\377\133\236\163\260\123\314\121\373\000t\000a\000b\000l\000e\000V\000i\000e\000w\211\346\123\321\116\213\116\366}{section.4}% 15
\BOOKMARK [2][-]{subsection.4.2}{\376\377\000M\000o\000d\000e\000l}{section.4}% 16
\BOOKMARK [3][-]{subsubsection.4.2.1}{\376\377\000Q\000A\000b\000s\000t\000r\000a\000c\000t\000I\000t\000e\000m\000M\000o\000d\000e\000l\000\050\123\237\127\213\000\051}{subsection.4.2}% 17
\BOOKMARK [3][-]{subsubsection.4.2.2}{\376\377\000Q\000S\000t\000a\000n\000d\000a\000r\000d\000I\000t\000e\000m\000M\000o\000d\000e\000l}{subsection.4.2}% 18
\BOOKMARK [3][-]{subsubsection.4.2.3}{\376\377\000Q\000M\000o\000d\000e\000l\000I\000n\000d\000e\000x}{subsection.4.2}% 19
\BOOKMARK [3][-]{subsubsection.4.2.4}{\376\377\000Q\000S\000e\000l\000e\000c\000t\000i\000o\000n\000M\000o\000d\000e\000l}{subsection.4.2}% 20
\BOOKMARK [3][-]{subsubsection.4.2.5}{\376\377\000Q\000S\000o\000r\000t\000F\000i\000l\000t\000e\000r\000M\000o\000d\000e\000l}{subsection.4.2}% 21
\BOOKMARK [1][-]{section.5}{\376\377\217\336\143\245\145\160\143\156\136\223}{}% 22
\BOOKMARK [2][-]{subsection.5.1}{\376\377\121\306\131\007\135\345\117\134}{section.5}% 23
\BOOKMARK [2][-]{subsection.5.2}{\376\377\136\372\172\313\145\160\143\156\136\223\217\336\143\245}{section.5}% 24
\BOOKMARK [2][-]{subsection.5.3}{\376\377\213\277\225\356\145\160\143\156\136\223}{section.5}% 25
\BOOKMARK [3][-]{subsubsection.5.3.1}{\376\377\000Q\000S\000q\000l\000Q\000u\000e\000r\000y}{subsection.5.3}% 26
\BOOKMARK [3][-]{subsubsection.5.3.2}{\376\377\145\160\143\156\136\223\213\355\212\000}{subsection.5.3}% 27
\BOOKMARK [1][-]{section.6}{\376\377\131\032\176\277\172\013}{}% 28
\BOOKMARK [2][-]{subsection.6.1}{\376\377\000Q\000M\000u\000t\000e\000x\174\173}{section.6}% 29
\BOOKMARK [2][-]{subsection.6.2}{\376\377\000Q\000M\000u\000t\000e\000x\000L\000o\000c\000k\000e\000r\174\173}{section.6}% 30
\BOOKMARK [2][-]{subsection.6.3}{\376\377\000Q\000T\000h\000r\000e\000a\000d\174\173}{section.6}% 31
\BOOKMARK [2][-]{subsection.6.4}{\376\377\000Q\000S\000e\000m\000a\000p\000h\000o\000r\000e}{section.6}% 32
\BOOKMARK [1][-]{section.7}{\376\377\000Q\000t\177\121\176\334\116\016\220\032\117\341}{}% 33
\BOOKMARK [2][-]{subsection.7.1}{\376\377\000Q\000A\000b\000s\000t\000r\000a\000c\000t\000S\000o\000c\000k\000e\000t\174\173}{section.7}% 34
\BOOKMARK [2][-]{subsection.7.2}{\376\377\000U\000D\000P\123\117\213\256\117\040\217\223}{section.7}% 35
\BOOKMARK [3][-]{subsubsection.7.2.1}{\376\377\000Q\000U\000d\000p\000S\000o\000c\000k\000e\000t\174\173}{subsection.7.2}% 36
\BOOKMARK [2][-]{subsection.7.3}{\376\377\000T\000C\000P\123\117\213\256\117\040\217\223}{section.7}% 37
\BOOKMARK [2][-]{subsection.7.4}{\376\377\000Q\000D\000a\000t\000a\000S\000t\000r\000e\000a\000m\174\173}{section.7}% 38
\BOOKMARK [2][-]{subsection.7.5}{\376\377\145\207\116\366\117\040\217\223\155\101\172\013}{section.7}% 39
